This is pdfTeX, Version 3.14159265-2.6-1.40.18 (TeX Live 2017/Debian) (preloaded format=pdflatex 2018.5.29)  28 JUN 2018 02:23
entering extended mode
 restricted \write18 enabled.
 %&-line parsing enabled.
**fc_scratch.tex
(./fc_scratch.tex
LaTeX2e <2017-04-15>
Babel <3.18> and hyphenation patterns for 84 language(s) loaded.
(/usr/share/texlive/texmf-dist/tex/latex/base/article.cls
Document Class: article 2014/09/29 v1.4h Standard LaTeX document class
(/usr/share/texlive/texmf-dist/tex/latex/base/size10.clo
File: size10.clo 2014/09/29 v1.4h Standard LaTeX file (size option)
)
\c@part=\count79
\c@section=\count80
\c@subsection=\count81
\c@subsubsection=\count82
\c@paragraph=\count83
\c@subparagraph=\count84
\c@figure=\count85
\c@table=\count86
\abovecaptionskip=\skip41
\belowcaptionskip=\skip42
\bibindent=\dimen102
)
(/usr/share/texlive/texmf-dist/tex/latex/geometry/geometry.sty
Package: geometry 2010/09/12 v5.6 Page Geometry

(/usr/share/texlive/texmf-dist/tex/latex/graphics/keyval.sty
Package: keyval 2014/10/28 v1.15 key=value parser (DPC)
\KV@toks@=\toks14
)
(/usr/share/texlive/texmf-dist/tex/generic/oberdiek/ifpdf.sty
Package: ifpdf 2017/03/15 v3.2 Provides the ifpdf switch
)
(/usr/share/texlive/texmf-dist/tex/generic/oberdiek/ifvtex.sty
Package: ifvtex 2016/05/16 v1.6 Detect VTeX and its facilities (HO)
Package ifvtex Info: VTeX not detected.
)
(/usr/share/texlive/texmf-dist/tex/generic/ifxetex/ifxetex.sty
Package: ifxetex 2010/09/12 v0.6 Provides ifxetex conditional
)
\Gm@cnth=\count87
\Gm@cntv=\count88
\c@Gm@tempcnt=\count89
\Gm@bindingoffset=\dimen103
\Gm@wd@mp=\dimen104
\Gm@odd@mp=\dimen105
\Gm@even@mp=\dimen106
\Gm@layoutwidth=\dimen107
\Gm@layoutheight=\dimen108
\Gm@layouthoffset=\dimen109
\Gm@layoutvoffset=\dimen110
\Gm@dimlist=\toks15
)
(/usr/share/texlive/texmf-dist/tex/latex/enumitem/enumitem.sty
Package: enumitem 2011/09/28 v3.5.2 Customized lists
\labelindent=\skip43
\enit@outerparindent=\dimen111
\enit@toks=\toks16
\enit@inbox=\box26
\enitdp@description=\count90
)
(/usr/share/texlive/texmf-dist/tex/latex/tools/longtable.sty
Package: longtable 2014/10/28 v4.11 Multi-page Table package (DPC)
\LTleft=\skip44
\LTright=\skip45
\LTpre=\skip46
\LTpost=\skip47
\LTchunksize=\count91
\LTcapwidth=\dimen112
\LT@head=\box27
\LT@firsthead=\box28
\LT@foot=\box29
\LT@lastfoot=\box30
\LT@cols=\count92
\LT@rows=\count93
\c@LT@tables=\count94
\c@LT@chunks=\count95
\LT@p@ftn=\toks17
) (./fc_scratch.aux)
\openout1 = `fc_scratch.aux'.

LaTeX Font Info:    Checking defaults for OML/cmm/m/it on input line 7.
LaTeX Font Info:    ... okay on input line 7.
LaTeX Font Info:    Checking defaults for T1/cmr/m/n on input line 7.
LaTeX Font Info:    ... okay on input line 7.
LaTeX Font Info:    Checking defaults for OT1/cmr/m/n on input line 7.
LaTeX Font Info:    ... okay on input line 7.
LaTeX Font Info:    Checking defaults for OMS/cmsy/m/n on input line 7.
LaTeX Font Info:    ... okay on input line 7.
LaTeX Font Info:    Checking defaults for OMX/cmex/m/n on input line 7.
LaTeX Font Info:    ... okay on input line 7.
LaTeX Font Info:    Checking defaults for U/cmr/m/n on input line 7.
LaTeX Font Info:    ... okay on input line 7.

*geometry* driver: auto-detecting
*geometry* detected driver: pdftex
*geometry* verbose mode - [ preamble ] result:
* driver: pdftex
* paper: <default>
* layout: <same size as paper>
* layoutoffset:(h,v)=(0.0pt,0.0pt)
* modes: 
* h-part:(L,W,R)=(25.29494pt, 563.70512pt, 25.29494pt)
* v-part:(T,H,B)=(25.29494pt, 744.38011pt, 25.29494pt)
* \paperwidth=614.295pt
* \paperheight=794.96999pt
* \textwidth=563.70512pt
* \textheight=744.38011pt
* \oddsidemargin=-46.97505pt
* \evensidemargin=-46.97505pt
* \topmargin=-83.97505pt
* \headheight=12.0pt
* \headsep=25.0pt
* \topskip=10.0pt
* \footskip=30.0pt
* \marginparwidth=65.0pt
* \marginparsep=11.0pt
* \columnsep=10.0pt
* \skip\footins=9.0pt plus 4.0pt minus 2.0pt
* \hoffset=0.0pt
* \voffset=0.0pt
* \mag=1000
* \@twocolumnfalse
* \@twosidefalse
* \@mparswitchfalse
* \@reversemarginfalse
* (1in=72.27pt=25.4mm, 1cm=28.453pt)


Underfull \vbox (badness 10000) detected at line 28
 []

LaTeX Font Info:    Try loading font information for OMS+cmr on input line 42.
(/usr/share/texlive/texmf-dist/tex/latex/base/omscmr.fd
File: omscmr.fd 2014/09/29 v2.5h Standard LaTeX font definitions
)
LaTeX Font Info:    Font shape `OMS/cmr/m/n' in size <9> not available
(Font)              Font shape `OMS/cmsy/m/n' tried instead on input line 42.

Underfull \hbox (badness 10000) in paragraph at lines 49--52
[]\OT1/cmr/m/n/9 Listener thread 
 []


Underfull \hbox (badness 4608) in paragraph at lines 49--52
\OT1/cmr/m/n/9 NOTE: Here, re-spond-ing Slaves can cat-e-go-rized are
 []


Underfull \hbox (badness 10000) in paragraph at lines 57--60
[]\OT1/cmr/m/n/9 Slave threads
 []


Underfull \hbox (badness 2302) in paragraph at lines 63--65
[]\OT1/cmr/m/n/9 Listen for mes-sages, count time-outs
 []


Underfull \hbox (badness 10000) in paragraph at lines 69--72
[]\OT1/cmr/m/n/9 Listener thread:
 []


Underfull \hbox (badness 1735) in paragraph at lines 78--80
[]\OT1/cmr/m/n/9 (For Boot-loader) Ig-nore when in
 []


Underfull \hbox (badness 10000) in paragraph at lines 81--84
[]\OT1/cmr/m/n/9 MISO thread:
 []


Underfull \vbox (badness 10000) detected at line 121
 []

[1

{/var/lib/texmf/fonts/map/pdftex/updmap/pdftex.map}]
LaTeX Font Info:    External font `cmex10' loaded for size
(Font)              <9> on input line 138.
LaTeX Font Info:    External font `cmex10' loaded for size
(Font)              <6> on input line 138.
LaTeX Font Info:    External font `cmex10' loaded for size
(Font)              <5> on input line 138.

Underfull \hbox (badness 10000) in paragraph at lines 137--139
[]\OT1/cmr/m/n/9 Standard broad-cast: 
 []


Underfull \hbox (badness 10000) in paragraph at lines 139--141
[]\OT1/cmr/m/n/9 Update broad-cast: 
 []


Underfull \hbox (badness 10000) in paragraph at lines 141--143
[]\OT1/cmr/m/n/9 Shutdown broad-cast: 
 []


Underfull \hbox (badness 10000) in paragraph at lines 143--145
[]\OT1/cmr/m/n/9 Launch MkII: 
 []


Underfull \hbox (badness 10000) in paragraph at lines 148--150
[]\OT1/cmr/m/n/9 Standard broad-cast re-ply (MkII): 
 []


Underfull \hbox (badness 10000) in paragraph at lines 150--152
[]\OT1/cmr/m/n/9 Error (MkII Lis-tener): 
 []


Underfull \hbox (badness 10000) in paragraph at lines 152--154
[]\OT1/cmr/m/n/9 Error (Boot-loader): 
 []


Underfull \hbox (badness 10000) in paragraph at lines 154--156
[]\OT1/cmr/m/n/9 Standard broad-cast re-ply (Boot-loader): 
 []

LaTeX Font Info:    Font shape `OMS/cmr/m/n' in size <7> not available
(Font)              Font shape `OMS/cmsy/m/n' tried instead on input line 163.
LaTeX Font Info:    External font `cmex10' loaded for size
(Font)              <7> on input line 164.

Underfull \hbox (badness 10000) in paragraph at lines 163--168
[]\OT1/cmr/m/n/7 Set DC:
 []


Underfull \hbox (badness 10000) in paragraph at lines 163--168
\OT1/cmtt/m/n/7 MOSI[]INDEX$[]$DC$[]$000000000000000000000
 []


Underfull \hbox (badness 1253) in paragraph at lines 163--168
\OT1/cmr/m/n/7 Here each char-ac-ter in the string of ze-roes cor-re-sponds to
 []


Underfull \hbox (badness 10000) in paragraph at lines 168--171
[]\OT1/cmr/m/n/7 Chase RPM:
 []


Underfull \hbox (badness 10000) in paragraph at lines 168--171
\OT1/cmtt/m/n/7 MOSI[]INDEX$[]$RPM$[]$000000000000000000000
 []


Underfull \hbox (badness 10000) in paragraph at lines 171--175
[]\OT1/cmr/m/n/7 Handshake:
 []


Underfull \hbox (badness 10000) in paragraph at lines 171--175
[]$\OT1/cmtt/m/n/7 COMMS[]CONFIG$[]$ARRAY[]CONFIG
 []


Underfull \hbox (badness 2189) in paragraph at lines 171--175
\OT1/cmr/m/n/7 COMMS[]CONFIG is a comma-separated list with the fol-
 []


Underfull \hbox (badness 10000) in paragraph at lines 196--198
[]\OT1/cmr/m/n/7 Disconnect:
 []


Underfull \hbox (badness 10000) in paragraph at lines 198--200
[]\OT1/cmr/m/n/7 Reboot:
 []


Underfull \hbox (badness 10000) in paragraph at lines 200--203
[]\OT1/cmr/m/n/7 Reset in-dex:
 []


Underfull \hbox (badness 10000) in paragraph at lines 200--203
\OT1/cmtt/m/n/7 MOSI[]INDEX$[]$
 []


Underfull \hbox (badness 10000) in paragraph at lines 203--205
[]\OT1/cmr/m/n/7 Ping:
 []


Underfull \hbox (badness 10000) in paragraph at lines 205--209
[]\OT1/cmr/m/n/7 PSU:
 []


Underfull \hbox (badness 10000) in paragraph at lines 205--209
\OT1/cmtt/m/n/7 MOSI[]INDEX$[]$W:0
 []


Underfull \hbox (badness 10000) in paragraph at lines 214--218
[]\OT1/cmr/m/n/9 Maintain con-nec-tion:
 []


Underfull \hbox (badness 10000) in paragraph at lines 214--218
\OT1/cmtt/m/n/9 MISO[]INDEX$[]$
 []


Underfull \hbox (badness 2426) in paragraph at lines 214--218
\OT1/cmr/m/n/9 Sent to Mas-ter when there are no up-dates from
 []


Underfull \hbox (badness 10000) in paragraph at lines 218--223
[]\OT1/cmr/m/n/9 Standard up-date:
 []


Underfull \hbox (badness 10000) in paragraph at lines 218--223
\OT1/cmtt/m/n/9 MISO[]INDEX$[]$DATA[]INDEX$[]$RPMS$[]$DUTY[]CYCLES
 []


Underfull \hbox (badness 10000) in paragraph at lines 223--225
[]\OT1/cmr/m/n/9 Error (MkII MISO):
 []


Underfull \hbox (badness 10000) in paragraph at lines 225--228
[]\OT1/cmr/m/n/9 Handshakehspace.5emconfirmation:
 []


Underfull \hbox (badness 10000) in paragraph at lines 225--228
\OT1/cmtt/m/n/9 MISO[]INDEX$[]$
 []


Underfull \hbox (badness 10000) in paragraph at lines 228--230
[]\OT1/cmr/m/n/9 Ping re-quest:
 []


Underfull \hbox (badness 10000) in paragraph at lines 230--233
[]\OT1/cmr/m/n/9 MISO in-dex re-set:
 []


Underfull \hbox (badness 10000) in paragraph at lines 230--233
\OT1/cmtt/m/n/9 MISO[]INDEX$[]$
 []


Underfull \vbox (badness 10000) detected at line 268
 []

[2]
Underfull \hbox (badness 10000) in paragraph at lines 283--286
[]$[]$
 []


Underfull \vbox (badness 10000) detected at line 332
 []

[3] [4] (./fc_scratch.aux) ) 
Here is how much of TeX's memory you used:
 1148 strings out of 492982
 16437 string characters out of 6134896
 107279 words of memory out of 5000000
 4758 multiletter control sequences out of 15000+600000
 7605 words of font info for 28 fonts, out of 8000000 for 9000
 1141 hyphenation exceptions out of 8191
 24i,8n,32p,180b,442s stack positions out of 5000i,500n,10000p,200000b,80000s
</usr/share/texlive/texmf-dist/fonts/type1/public/a
msfonts/cm/cmbx9.pfb></usr/share/texlive/texmf-dist/fonts/type1/public/amsfonts
/cm/cmcsc10.pfb></usr/share/texlive/texmf-dist/fonts/type1/public/amsfonts/cm/c
mr7.pfb></usr/share/texlive/texmf-dist/fonts/type1/public/amsfonts/cm/cmr9.pfb>
</usr/share/texlive/texmf-dist/fonts/type1/public/amsfonts/cm/cmsy7.pfb></usr/s
hare/texlive/texmf-dist/fonts/type1/public/amsfonts/cm/cmsy9.pfb></usr/share/te
xlive/texmf-dist/fonts/type1/public/amsfonts/cm/cmtt8.pfb></usr/share/texlive/t
exmf-dist/fonts/type1/public/amsfonts/cm/cmtt9.pfb>
Output written on fc_scratch.pdf (4 pages, 115576 bytes).
PDF statistics:
 49 PDF objects out of 1000 (max. 8388607)
 34 compressed objects within 1 object stream
 0 named destinations out of 1000 (max. 500000)
 1 words of extra memory for PDF output out of 10000 (max. 10000000)

